This is pdfTeX, Version 3.1415926-1.40.10 (MiKTeX 2.8) (preloaded format=latex 2011.9.26)  29 MAR 2012 13:07
entering extended mode
**thesis.tex
(S:\UCP\Nicola\Thesis\thesis.tex
LaTeX2e <2009/09/24>
Babel <v3.8l> and hyphenation patterns for english, dumylang, nohyphenation, ge
rman, ngerman, german-x-2009-06-19, ngerman-x-2009-06-19, french, loaded.
("C:\Program Files\MiKTeX 2.8\tex\latex\base\book.cls"
Document Class: book 2007/10/19 v1.4h Standard LaTeX document class
("C:\Program Files\MiKTeX 2.8\tex\latex\base\bk10.clo"
File: bk10.clo 2007/10/19 v1.4h Standard LaTeX file (size option)
)
\c@part=\count79
\c@chapter=\count80
\c@section=\count81
\c@subsection=\count82
\c@subsubsection=\count83
\c@paragraph=\count84
\c@subparagraph=\count85
\c@figure=\count86
\c@table=\count87
\abovecaptionskip=\skip41
\belowcaptionskip=\skip42
\bibindent=\dimen102
)
("C:\Program Files\MiKTeX 2.8\tex\latex\geometry\geometry.sty"
Package: geometry 2010/09/12 v5.6 Page Geometry

("C:\Program Files\MiKTeX 2.8\tex\latex\graphics\keyval.sty"
Package: keyval 1999/03/16 v1.13 key=value parser (DPC)
\KV@toks@=\toks14
)
("C:\Program Files\MiKTeX 2.8\tex\generic\oberdiek\ifpdf.sty"
Package: ifpdf 2011/01/30 v2.3 Provides the ifpdf switch (HO)
Package ifpdf Info: pdfTeX in PDF mode is not detected.
)
("C:\Program Files\MiKTeX 2.8\tex\generic\oberdiek\ifvtex.sty"
Package: ifvtex 2010/03/01 v1.5 Switches for detecting VTeX and its modes (HO)
Package ifvtex Info: VTeX not detected.
)
("C:\Program Files\MiKTeX 2.8\tex\generic\ifxetex\ifxetex.sty"
Package: ifxetex 2010/09/12 v0.6 Provides ifxetex conditional
)
\Gm@cnth=\count88
\Gm@cntv=\count89
\c@Gm@tempcnt=\count90
\Gm@bindingoffset=\dimen103
\Gm@wd@mp=\dimen104
\Gm@odd@mp=\dimen105
\Gm@even@mp=\dimen106
\Gm@layoutwidth=\dimen107
\Gm@layoutheight=\dimen108
\Gm@layouthoffset=\dimen109
\Gm@layoutvoffset=\dimen110
\Gm@dimlist=\toks15

("C:\Program Files\MiKTeX 2.8\tex\latex\geometry\geometry.cfg"))
("C:\Program Files\MiKTeX 2.8\tex\latex\graphics\graphicx.sty"
Package: graphicx 1999/02/16 v1.0f Enhanced LaTeX Graphics (DPC,SPQR)

("C:\Program Files\MiKTeX 2.8\tex\latex\graphics\graphics.sty"
Package: graphics 2009/02/05 v1.0o Standard LaTeX Graphics (DPC,SPQR)

("C:\Program Files\MiKTeX 2.8\tex\latex\graphics\trig.sty"
Package: trig 1999/03/16 v1.09 sin cos tan (DPC)
)
("C:\Program Files\MiKTeX 2.8\tex\latex\00miktex\graphics.cfg"
File: graphics.cfg 2007/01/18 v1.5 graphics configuration of teTeX/TeXLive
)
Package graphics Info: Driver file: dvips.def on input line 91.

("C:\Program Files\MiKTeX 2.8\tex\latex\graphics\dvips.def"
File: dvips.def 1999/02/16 v3.0i Driver-dependant file (DPC,SPQR)
))
\Gin@req@height=\dimen111
\Gin@req@width=\dimen112
)
("C:\Program Files\MiKTeX 2.8\tex\latex\tools\dcolumn.sty"
Package: dcolumn 2001/05/28 v1.06 decimal alignment package (DPC)

("C:\Program Files\MiKTeX 2.8\tex\latex\tools\array.sty"
Package: array 2008/09/09 v2.4c Tabular extension package (FMi)
\col@sep=\dimen113
\extrarowheight=\dimen114
\NC@list=\toks16
\extratabsurround=\skip43
\backup@length=\skip44
))
("C:\Program Files\MiKTeX 2.8\tex\latex\tools\bm.sty"
Package: bm 2004/02/26 v1.1c Bold Symbol Support (DPC/FMi)
\symboldoperators=\mathgroup4
\symboldletters=\mathgroup5
\symboldsymbols=\mathgroup6
LaTeX Font Info:    Redeclaring math alphabet \mathbf on input line 138.
LaTeX Info: Redefining \bm on input line 204.
)
("C:\Program Files\MiKTeX 2.8\tex\latex\appendix\appendix.sty"
Package: appendix 2009/09/02 v1.2b extra appendix facilities
\c@@pps=\count91
\c@@ppsavesec=\count92
\c@@ppsaveapp=\count93
)
("C:\Program Files\MiKTeX 2.8\tex\latex\subfig\subfig.sty"
Package: subfig 2005/06/28 ver: 1.3 subfig package

("C:\Program Files\MiKTeX 2.8\tex\latex\caption\caption3.sty"
Package: caption3 2011/08/18 v1.3b caption3 kernel (AR)
\captionmargin=\dimen115
\captionmargin@=\dimen116
\captionwidth=\dimen117
\caption@indent=\dimen118
\caption@parindent=\dimen119
\caption@hangindent=\dimen120
)
\c@KVtest=\count94
\sf@farskip=\skip45
\sf@captopadj=\dimen121
\sf@capskip=\skip46
\sf@nearskip=\skip47
\c@subfigure=\count95
\c@subfigure@save=\count96
\c@lofdepth=\count97
\c@subtable=\count98
\c@subtable@save=\count99
\c@lotdepth=\count100
\sf@top=\skip48
\sf@bottom=\skip49
)
("C:\Program Files\MiKTeX 2.8\tex\latex\fancyhdr\fancyhdr.sty"
\fancy@headwidth=\skip50
\f@ncyO@elh=\skip51
\f@ncyO@erh=\skip52
\f@ncyO@olh=\skip53
\f@ncyO@orh=\skip54
\f@ncyO@elf=\skip55
\f@ncyO@erf=\skip56
\f@ncyO@olf=\skip57
\f@ncyO@orf=\skip58
)
("C:\Program Files\MiKTeX 2.8\tex\latex\base\fontenc.sty"
Package: fontenc 2005/09/27 v1.99g Standard LaTeX package

("C:\Program Files\MiKTeX 2.8\tex\latex\base\t1enc.def"
File: t1enc.def 2005/09/27 v1.99g Standard LaTeX file
LaTeX Font Info:    Redeclaring font encoding T1 on input line 43.
))
("C:\Program Files\MiKTeX 2.8\tex\latex\ae\ae.sty"
Package: ae 2001/02/12 1.3 Almost European Computer Modern

("C:\Program Files\MiKTeX 2.8\tex\latex\base\fontenc.sty"
Package: fontenc 2005/09/27 v1.99g Standard LaTeX package

("C:\Program Files\MiKTeX 2.8\tex\latex\base\t1enc.def"
File: t1enc.def 2005/09/27 v1.99g Standard LaTeX file
LaTeX Font Info:    Redeclaring font encoding T1 on input line 43.
)
LaTeX Font Info:    Try loading font information for T1+aer on input line 100.

("C:\Program Files\MiKTeX 2.8\tex\latex\ae\t1aer.fd"
File: t1aer.fd 1997/11/16 Font definitions for T1/aer.
)))
("C:\Program Files\MiKTeX 2.8\tex\latex\ae\aecompl.sty"
Package: aecompl 1998/07/23 0.9 T1 Complements for AE fonts (D. Roegel)
)
("C:\Program Files\MiKTeX 2.8\tex\latex\amsfonts\amssymb.sty"
Package: amssymb 2009/06/22 v3.00

("C:\Program Files\MiKTeX 2.8\tex\latex\amsfonts\amsfonts.sty"
Package: amsfonts 2009/06/22 v3.00 Basic AMSFonts support
\@emptytoks=\toks17
\symAMSa=\mathgroup7
\symAMSb=\mathgroup8
LaTeX Font Info:    Overwriting math alphabet `\mathfrak' in version `bold'
(Font)                  U/euf/m/n --> U/euf/b/n on input line 96.
))
("C:\Program Files\MiKTeX 2.8\tex\latex\ams\math\amsmath.sty"
Package: amsmath 2000/07/18 v2.13 AMS math features
\@mathmargin=\skip59

For additional information on amsmath, use the `?' option.
("C:\Program Files\MiKTeX 2.8\tex\latex\ams\math\amstext.sty"
Package: amstext 2000/06/29 v2.01

("C:\Program Files\MiKTeX 2.8\tex\latex\ams\math\amsgen.sty"
File: amsgen.sty 1999/11/30 v2.0
\@emptytoks=\toks18
\ex@=\dimen122
))
("C:\Program Files\MiKTeX 2.8\tex\latex\ams\math\amsbsy.sty"
Package: amsbsy 1999/11/29 v1.2d
LaTeX Info: Redefining \boldsymbol on input line 54.
\pmbraise@=\dimen123
)
("C:\Program Files\MiKTeX 2.8\tex\latex\ams\math\amsopn.sty"
Package: amsopn 1999/12/14 v2.01 operator names
)
\inf@bad=\count101
LaTeX Info: Redefining \frac on input line 211.
\uproot@=\count102
\leftroot@=\count103
LaTeX Info: Redefining \overline on input line 307.
\classnum@=\count104
\DOTSCASE@=\count105
LaTeX Info: Redefining \ldots on input line 379.
LaTeX Info: Redefining \dots on input line 382.
LaTeX Info: Redefining \cdots on input line 467.
\Mathstrutbox@=\box26
\strutbox@=\box27
\big@size=\dimen124
LaTeX Font Info:    Redeclaring font encoding OML on input line 567.
LaTeX Font Info:    Redeclaring font encoding OMS on input line 568.
\macc@depth=\count106
\c@MaxMatrixCols=\count107
\dotsspace@=\muskip10
\c@parentequation=\count108
\dspbrk@lvl=\count109
\tag@help=\toks19
\row@=\count110
\column@=\count111
\maxfields@=\count112
\andhelp@=\toks20
\eqnshift@=\dimen125
\alignsep@=\dimen126
\tagshift@=\dimen127
\tagwidth@=\dimen128
\totwidth@=\dimen129
\lineht@=\dimen130
\@envbody=\toks21
\multlinegap=\skip60
\multlinetaggap=\skip61
\mathdisplay@stack=\toks22
LaTeX Info: Redefining \[ on input line 2666.
LaTeX Info: Redefining \] on input line 2667.
)
("C:\Program Files\MiKTeX 2.8\tex\latex\tools\afterpage.sty"
Package: afterpage 1995/10/27 v1.08 After-Page Package (DPC)
\AP@output=\toks23
\AP@partial=\box28
\AP@footins=\box29
)
("C:\Program Files\MiKTeX 2.8\tex\latex\caption\caption.sty"
Package: caption 2011/08/18 v3.2b Customizing captions (AR)
\c@ContinuedFloat=\count113
)
("C:\Program Files\MiKTeX 2.8\tex\latex\wrapfig\wrapfig.sty"
\wrapoverhang=\dimen131
\WF@size=\dimen132
\c@WF@wrappedlines=\count114
\WF@box=\box30
\WF@everypar=\toks24
Package: wrapfig 2003/01/31  v 3.6
)
("C:\Program Files\MiKTeX 2.8\tex\latex\srcltx\srcltx.sty"
Package: srcltx 2006/11/12 v1.6 Source specials for inverse search in DVI files


("C:\Program Files\MiKTeX 2.8\tex\latex\base\ifthen.sty"
Package: ifthen 2001/05/26 v1.1c Standard LaTeX ifthen package (DPC)
)
\src@lastline=\count115
\src@new@everypar=\toks25
\src@new@output=\toks26
)
("C:\Program Files\MiKTeX 2.8\tex\latex\ltxmisc\url.sty"
\Urlmuskip=\muskip11
Package: url 2006/04/12  ver 3.3  Verb mode for urls, etc.
)
("C:\Program Files\MiKTeX 2.8\tex\latex\cite\chapterbib.sty"
\c@inputfile=\count116
Package: chapterbib 2010/09/18  v 1.17
)
(S:\UCP\Nicola\Thesis\thesis.aux (S:\UCP\Nicola\Thesis\titlepage.aux)
(S:\UCP\Nicola\Thesis\Thesis_intro.aux) (S:\UCP\Nicola\Thesis\Thesis_setup.aux)
(S:\UCP\Nicola\Thesis\Thesis_tempmea.aux)
(S:\UCP\Nicola\Thesis\Thesis_currentmea.aux)
(S:\UCP\Nicola\Thesis\Thesis_newsource.aux)
(S:\UCP\Nicola\Thesis\Thesis_conclusions.aux)
(S:\UCP\Nicola\Thesis\Thesis_summary.aux) (S:\UCP\Nicola\Thesis\Thesis_CV.aux)
(S:\UCP\Nicola\Thesis\Thesis_acknowledgements.aux))
LaTeX Font Info:    Checking defaults for OML/cmm/m/it on input line 117.
LaTeX Font Info:    ... okay on input line 117.
LaTeX Font Info:    Checking defaults for T1/cmr/m/n on input line 117.
LaTeX Font Info:    ... okay on input line 117.
LaTeX Font Info:    Checking defaults for OT1/cmr/m/n on input line 117.
LaTeX Font Info:    ... okay on input line 117.
LaTeX Font Info:    Checking defaults for OMS/cmsy/m/n on input line 117.
LaTeX Font Info:    ... okay on input line 117.
LaTeX Font Info:    Checking defaults for OMX/cmex/m/n on input line 117.
LaTeX Font Info:    ... okay on input line 117.
LaTeX Font Info:    Checking defaults for U/cmr/m/n on input line 117.
LaTeX Font Info:    ... okay on input line 117.

*geometry* detected driver: dvips
*geometry* verbose mode - [ preamble ] result:
* driver: dvips
* paper: custom
* layout: <same size as paper>
* layoutoffset:(h,v)=(0.0pt,0.0pt)
* vratio: 1:1
* modes: twoside 
* h-part:(L,W,R)=(45.52438pt, 369.88582pt, 68.28664pt)
* v-part:(T,H,B)=(78.24507pt, 526.37598pt, 78.24509pt)
* \paperwidth=483.69684pt
* \paperheight=682.86613pt
* \textwidth=369.88582pt
* \textheight=526.37598pt
* \oddsidemargin=-2.5606pt
* \evensidemargin=-28.16837pt
* \topmargin=-24.0924pt
* \headheight=12.0pt
* \headsep=18.06749pt
* \topskip=10.0pt
* \footskip=25.29494pt
* \marginparwidth=115.0pt
* \marginparsep=7.0pt
* \columnsep=10.0pt
* \skip\footins=9.0pt plus 4.0pt minus 2.0pt
* \hoffset=0.0pt
* \voffset=0.0pt
* \mag=1000
* \@twocolumnfalse
* \@twosidetrue
* \@mparswitchtrue
* \@reversemarginfalse
* (1in=72.27pt=25.4mm, 1cm=28.453pt)

Package caption Info: Begin \AtBeginDocument code.
Package caption Info: subfig package 1.2 or 1.3 is loaded.
Package caption Info: wrapfig package is loaded.
Package caption Info: End \AtBeginDocument code.
Package chapterbib Info: The sectionbib option changes "\chapter *" to "\sectio
n *" in \thebibliography on input line 117.
:<+ titlepage.tex
(S:\UCP\Nicola\Thesis\titlepage.tex [1





]
Underfull \hbox (badness 10000) in paragraph at lines 29--31

 []


Underfull \hbox (badness 10000) in paragraph at lines 33--35

 []


Underfull \hbox (badness 10000) in paragraph at lines 36--40

 []


Underfull \hbox (badness 10000) in paragraph at lines 41--45

 []


Underfull \hbox (badness 10000) in paragraph at lines 46--50

 []

File: pics/stw.eps Graphic file (type eps)
<pics/stw.eps>
Underfull \hbox (badness 10000) in paragraph at lines 57--59

 []

LaTeX Font Info:    Try loading font information for OMS+aer on input line 60.
("C:\Program Files\MiKTeX 2.8\tex\latex\ae\omsaer.fd"
File: omsaer.fd 1999/12/27
)
LaTeX Font Info:    Font shape `OMS/aer/m/n' in size <10> not available
(Font)              Font shape `OMS/cmsy/m/n' tried instead on input line 60.
 [2])
:<-
[3

] [4

] (S:\UCP\Nicola\Thesis\thesis.toc
LaTeX Font Info:    Try loading font information for U+msa on input line 5.

("C:\Program Files\MiKTeX 2.8\tex\latex\amsfonts\umsa.fd"
File: umsa.fd 2009/06/22 v3.00 AMS symbols A
)
LaTeX Font Info:    Try loading font information for U+msb on input line 5.

("C:\Program Files\MiKTeX 2.8\tex\latex\amsfonts\umsb.fd"
File: umsb.fd 2009/06/22 v3.00 AMS symbols B
) [1

]
LaTeX Font Info:    Try loading font information for T1+aess on input line 81.

("C:\Program Files\MiKTeX 2.8\tex\latex\ae\t1aess.fd"
File: t1aess.fd 1997/11/16 Font definitions for T1/aess.
) [2])
\tf@toc=\write3
 [3] [4

]
:<+ Thesis_intro.tex
(S:\UCP\Nicola\Thesis\Thesis_intro.tex
Chapter 1.
[1




]
File: pics/intro/appl1.eps Graphic file (type eps)
 <pics/intro/appl1.eps>
File: pics/intro/appl2.eps Graphic file (type eps)
 <pics/intro/appl2.eps>
File: pics/intro/appl3.eps Graphic file (type eps)
 <pics/intro/appl3.eps>
File: pics/intro/FIBschem.eps Graphic file (type eps)

<pics/intro/FIBschem.eps> [2

]
Underfull \vbox (badness 3861) has occurred while \output is active []

 [3]
[4] [5] [6] [7

] [8]) [9]
:<-
:<+ Thesis_setup.tex
(S:\UCP\Nicola\Thesis\Thesis_setup.tex [10





]
Chapter 2.
[11]
File: pics/setup/beamline.eps Graphic file (type eps)
 <pics/setup/beamline.eps>
Underfull \vbox (badness 10000) has occurred while \output is active []

 [12

]
File: pics/setup/leveldiagram.eps Graphic file (type eps)

<pics/setup/leveldiagram.eps>
File: pics/setup/setup_MOT.eps Graphic file (type eps)
 <pics/setup/setup_MOT.eps> [13] [14]
File: pics/setup/coreVolume.eps Graphic file (type eps)

<pics/setup/coreVolume.eps> [15]
File: pics/setup/MCP_scheme.eps Graphic file (type eps)
 <pics/setup/MCP_scheme.eps> [16]
File: pics/setup/AsFaradayCupBipolar.eps Graphic file (type eps)

<pics/setup/AsFaradayCupBipolar.eps> [17]
File: pics/setup/AsMCPslowamp.eps Graphic file (type eps)
 <pics/setup/AsMCPslowamp.eps>
File: pics/setup/MCPcalibrationConstants.eps Graphic file (type eps)

<pics/setup/MCPcalibrationConstants.eps> [18] [19]
File: pics/setup/MCPresolution.eps Graphic file (type eps)

<pics/setup/MCPresolution.eps> [20] [21]) [22

]
:<-
:<+ Thesis_tempmea.tex
(S:\UCP\Nicola\Thesis\Thesis_tempmea.tex
Chapter 3.
[23





]
File: pics/tempmea/opt_model3.eps Graphic file (type eps)
 <pics/tempmea/opt_model3.eps> [24

]
File: pics/tempmea/setup.eps Graphic file (type eps)
 <pics/tempmea/setup.eps> [25]
File: pics/tempmea/timings.eps Graphic file (type eps)

<pics/tempmea/timings.eps> [26] [27]
File: pics/tempmea/fields2.eps Graphic file (type eps)
 <pics/tempmea/fields2.eps> [28]
File: pics/tempmea/pulse.eps Graphic file (type eps)

<pics/tempmea/pulse.eps> [29] [30] [31]
File: pics/tempmea/diff_low_en.eps Graphic file (type eps)
 <pics/tempmea/diff_low_en.eps>
File: pics/tempmea/Textraction_with_error.eps Graphic file (type eps)

<pics/tempmea/Textraction_with_error.eps>
File: pics/tempmea/s27_GPTfit_new.eps Graphic file (type eps)
 <pics/tempmea/s27_GPTfit_new.eps>
[32]
File: pics/tempmea/n1.eps Graphic file (type eps)
 <pics/tempmea/n1.eps>
File: pics/tempmea/n2.eps Graphic file (type eps)
 <pics/tempmea/n2.eps>
File: pics/tempmea/n3.eps Graphic file (type eps)
 <pics/tempmea/n3.eps> [33]
[34]
Underfull \hbox (badness 10000) in paragraph at lines 231--235

 []

[35] [36]
File: pics/tempmea/focusing_plot.eps Graphic file (type eps)
 <pics/tempmea/focusing_plot.eps>
File: pics/tempmea/focusing_img.eps Graphic file (type eps)
 <pics/tempmea/focusing_img.eps>
[37

] [38] [39

]) [40]
:<-
:<+ Thesis_currentmea.tex
(S:\UCP\Nicola\Thesis\Thesis_currentmea.tex
Chapter 4.
[41





] [42

]
File: pics/currmea/setup.eps Graphic file (type eps)
 <pics/currmea/setup.eps> [43] [44]
File: pics/currmea/source3.eps Graphic file (type eps)
 <pics/currmea/source3.eps>
Underfull \hbox (badness 10000) in paragraph at lines 75--83

 []

[45] [46]
Overfull \hbox (9.01869pt too wide) in paragraph at lines 106--132
 [][] 
 []


Underfull \hbox (badness 10000) in paragraph at lines 102--135

 []

[47]
File: pics/currmea/CylinderIonisation.eps Graphic file (type eps)
 <pics/currmea/CylinderIonisation.eps> [48] [49]
File: pics/currmea/Ncyl.eps Graphic file (type eps)
 <pics/currmea/Ncyl.eps>
Underfull \hbox (badness 10000) in paragraph at lines 213--221

 []

[50] [51]
File: pics/currmea/Ndiff.eps Graphic file (type eps)
 <pics/currmea/Ndiff.eps>
File: pics/currmea/Ncyl0AndDiffInf.eps Graphic file (type eps)
 <pics/currmea/Ncyl0AndDiffInf.eps>
Underfull \vbox (badness 2057) has occurred while \output is active []

 [52]
File: pics/currmea/TypicalCurrentProfile.eps Graphic file (type eps)

<pics/currmea/TypicalCurrentProfile.eps> [53]
File: pics/currmea/TypicalAverageCurrent.eps Graphic file (type eps)

<pics/currmea/TypicalAverageCurrent.eps> [54] [55]
File: pics/currmea/Temperature.eps Graphic file (type eps)

<pics/currmea/Temperature.eps>
File: pics/currmea/LoadingRate.eps Graphic file (type eps)
 <pics/currmea/LoadingRate.eps>
File: pics/currmea/NumberAtoms2DPlot.eps Graphic file (type eps)

<pics/currmea/NumberAtoms2DPlot.eps>
File: pics/currmea/NumberAtomsCombinedXaxis.eps Graphic file (type eps)

<pics/currmea/NumberAtomsCombinedXaxis.eps>
Underfull \hbox (badness 10000) in paragraph at lines 342--356

 []


Underfull \hbox (badness 10000) in paragraph at lines 357--358

 []


Underfull \hbox (badness 10000) in paragraph at lines 359--360

 []

[56]
Underfull \vbox (badness 2435) has occurred while \output is active []

 [57]
File: pics/currmea/CurrentVsTimeS=4.eps Graphic file (type eps)

<pics/currmea/CurrentVsTimeS=4.eps>
File: pics/currmea/CurrentVsTimeS=0,2.eps Graphic file (type eps)
 <pics/currmea/CurrentVsTimeS=0,2.eps>
Overfull \hbox (6.10947pt too wide) in paragraph at lines 372--373
[][][]\T1/aer/m/n/10 The sec-ond dif-fer-ence is the ra-tio be-tween the peak a
nd the fi-nal cur-rent $\OML/cmm/m/it/10 I[]=I[]$\T1/aer/m/n/10 .
 []

[58]
File: pics/currmea/IonisationPositionModeledCurrent.eps Graphic file (type eps)

 <pics/currmea/IonisationPositionModeledCurrent.eps>
File: pics/currmea/IonisationPositionMeasuredCurrent.eps Graphic file (type eps
)

<pics/currmea/IonisationPositionMeasuredCurrent.eps> [59]
Underfull \hbox (badness 10000) in paragraph at lines 400--401

 []

[60]
File: pics/currmea/2DPlotS=1.eps Graphic file (type eps)
 <pics/currmea/2DPlotS=1.eps>
File: pics/currmea/2DPlotS=12.eps Graphic file (type eps)
 <pics/currmea/2DPlotS=12.eps>
Underfull \hbox (badness 10000) in paragraph at lines 402--410

 []

[61]
File: pics/currmea/2DPlotChargeS=12.eps Graphic file (type eps)
 <pics/currmea/2DPlotChargeS=12.eps>
Underfull \hbox (badness 10000) in paragraph at lines 414--422

 []

File: pics/currmea/2DPlotBigVolume.eps Graphic file (type eps)
<pics/currmea/2DPlotBigVolume.eps>
File: pics/currmea/2DPlotBigVolumeQuarterIonisPower.eps Graphic file (type eps)


<pics/currmea/2DPlotBigVolumeQuarterIonisPower.eps>
Underfull \hbox (badness 10000) in paragraph at lines 423--431

 []

[62]
File: pics/currmea/SlopesVsS.eps Graphic file (type eps)
 <pics/currmea/SlopesVsS.eps>
File: pics/currmea/PeakCurrent.eps Graphic file (type eps)
 <pics/currmea/PeakCurrent.eps>
Underfull \vbox (badness 1527) has occurred while \output is active []

 [63]

LaTeX Warning: Text page 64 contains only floats.

[64] [65]
File: pics/currmea/GPTresult.eps Graphic file (type eps)
 <pics/currmea/GPTresult.eps>
Underfull \vbox (badness 4872) has occurred while \output is active []

 [66]
File: pics/currmea/ModelHighIonisPower.eps Graphic file (type eps)

<pics/currmea/ModelHighIonisPower.eps> [67] [68]
File: pics/currmea/source_CW.eps Graphic file (type eps)
 <pics/currmea/source_CW.eps>
File: pics/currmea/newsource08.eps Graphic file (type eps)

<pics/currmea/newsource08.eps> [69

] [70] [71

]) [72]
:<-
:<+ Thesis_newsource.tex
(S:\UCP\Nicola\Thesis\Thesis_newsource.tex
Chapter 5.
[73





]
File: pics/newsource/setup4.eps Graphic file (type eps)
 <pics/newsource/setup4.eps> [74

] [75] [76]
Underfull \hbox (badness 10000) in paragraph at lines 94--96

 []

[77] [78]
Underfull \hbox (badness 10000) in paragraph at lines 175--178

 []

[79]
File: pics/newsource/density.eps Graphic file (type eps)
 <pics/newsource/density.eps> [80]
File: pics/newsource/initVelocityDistrOptimized_Rb-87_500k_400K.eps Graphic fil
e (type eps)

<pics/newsource/initVelocityDistrOptimized_Rb-87_500k_400K.eps> [81] [82]
File: pics/newsource/BrandI_VSaperture_Rb87.eps Graphic file (type eps)

<pics/newsource/BrandI_VSaperture_Rb87.eps> [83]
File: pics/newsource/initdistrGPT.eps Graphic file (type eps)

<pics/newsource/initdistrGPT.eps>
File: pics/newsource/initdistrGPT_phsp.eps Graphic file (type eps)
 <pics/newsource/initdistrGPT_phsp.eps>
[84]

LaTeX Warning: `!h' float specifier changed to `!ht'.

File: pics/newsource/BrVS_Ts_L.eps Graphic file (type eps)
<pics/newsource/BrVS_Ts_L.eps>
Underfull \hbox (badness 10000) in paragraph at lines 345--353

 []


Underfull \vbox (badness 10000) has occurred while \output is active []

 [85]
[86]
File: pics/newsource/BrVSdetu_L.eps Graphic file (type eps)
 <pics/newsource/BrVSdetu_L.eps>
File: pics/newsource/BrVSdetu_grad.eps Graphic file (type eps)
 <pics/newsource/BrVSdetu_grad.eps>
File: pics/newsource/BrVSgrad_detu.eps Graphic file (type eps)

<pics/newsource/BrVSgrad_detu.eps> [87]
Underfull \vbox (badness 10000) has occurred while \output is active []

 [88]

LaTeX Warning: Text page 89 contains only floats.

[89]
File: pics/newsource/BrVS_L_elements.eps Graphic file (type eps)
 <pics/newsource/BrVS_L_elements.eps> [90]
File: pics/newsource/BrVS_I_elements.eps Graphic file (type eps)

<pics/newsource/BrVS_I_elements.eps>
Underfull \vbox (badness 10000) has occurred while \output is active []

 [91]
File: pics/newsource/GPTresult.eps Graphic file (type eps)

<pics/newsource/GPTresult.eps> [92] [93] [94] [95

]) [96]
:<-
:<+ Thesis_conclusions.tex
(S:\UCP\Nicola\Thesis\Thesis_conclusions.tex
Chapter 6.
[97





] [98

]
Overfull \hbox (4.51988pt too wide) in paragraph at lines 24--34
 [][] 
 []


LaTeX Warning: `!h' float specifier changed to `!ht'.

[99] [100]) [101

]
:<-
[102


]
:<+ Thesis_summary.tex
(S:\UCP\Nicola\Thesis\Thesis_summary.tex [103




])

LaTeX Font Warning: Font shape `T1/aer/bx/sc' undefined
(Font)              using `T1/aer/bx/n' instead on input line 164.

[104]
:<-
:<+ Thesis_CV.tex
(S:\UCP\Nicola\Thesis\Thesis_CV.tex
File: pics/nicola.eps Graphic file (type eps)
 <pics/nicola.eps>) [105





] [106]
:<-
:<+ Thesis_acknowledgements.tex
(S:\UCP\Nicola\Thesis\Thesis_acknowledgements.tex
Underfull \hbox (badness 10000) in paragraph at lines 2--8

 []


Underfull \vbox (badness 1389) has occurred while \output is active []

 [107





]
Underfull \hbox (badness 10000) in paragraph at lines 9--12

 []


Underfull \hbox (badness 10000) in paragraph at lines 13--14

 []

[108]
Underfull \hbox (badness 10000) in paragraph at lines 15--16

 []


Underfull \hbox (badness 10000) in paragraph at lines 17--18

 []

File: pics/firma.eps Graphic file (type eps)
<pics/firma.eps>) [109]
:<-
(S:\UCP\Nicola\Thesis\thesis.aux (S:\UCP\Nicola\Thesis\titlepage.aux)
(S:\UCP\Nicola\Thesis\Thesis_intro.aux) (S:\UCP\Nicola\Thesis\Thesis_setup.aux)
(S:\UCP\Nicola\Thesis\Thesis_tempmea.aux)
(S:\UCP\Nicola\Thesis\Thesis_currentmea.aux)
(S:\UCP\Nicola\Thesis\Thesis_newsource.aux)
(S:\UCP\Nicola\Thesis\Thesis_conclusions.aux)
(S:\UCP\Nicola\Thesis\Thesis_summary.aux) (S:\UCP\Nicola\Thesis\Thesis_CV.aux)
(S:\UCP\Nicola\Thesis\Thesis_acknowledgements.aux))

LaTeX Font Warning: Some font shapes were not available, defaults substituted.

 ) 
Here is how much of TeX's memory you used:
 4717 strings out of 495286
 68187 string characters out of 3180345
 134143 words of memory out of 3000000
 7663 multiletter control sequences out of 15000+200000
 57754 words of font info for 101 fonts, out of 3000000 for 9000
 14 hyphenation exceptions out of 8191
 36i,17n,51p,2477b,391s stack positions out of 5000i,500n,10000p,200000b,50000s

Output written on thesis.dvi (117 pages, 411792 bytes).
